<?xml version="1.0" encoding="UTF-8"?>
<!-- Generated by org.testng.reporters.JUnitReportReporter -->
<testsuite hostname="DESKTOP-0ICKN3U" failures="0" tests="1" name="com.jenkindemo.framework.Demo" time="0.024" errors="0" timestamp="21 Dec 2022 04:38:37 GMT">
  <testcase classname="com.jenkindemo.framework.Demo" name="test1" time="0.024"/>
</testsuite> <!-- com.jenkindemo.framework.Demo -->
